This file contains any messages produced by compilers while
running configure, to aid debugging if configure makes a mistake.

It was created by cpabe configure 0.11, which was
generated by GNU Autoconf 2.63.  Invocation command line was

  $ ./configure --prefix=/Si2_RAID-1/si2/100/phonchi/.local/ --with-pbc-include=/Si2_RAID-1/si2/100/phonchi/.local/include/pbc --with-pbc-lib=/Si2_RAID-1/si2/100/phonchi/.local/lib --with-gmp-include=/Si2_RAID-1/si2/100/phonchi/.local/include --with-gmp-lib=/Si2_RAID-1/si2/100/phonchi/.local/lib --with-bswabe-include=/Si2_RAID-1/si2/100/phonchi/.local/include --with-bswabe-lib=/Si2_RAID-1/si2/100/phonchi/.local/lib --no-create --no-recursion

## --------- ##
## Platform. ##
## --------- ##

hostname = cad14
uname -m = x86_64
uname -r = 2.6.32-358.el6.x86_64
uname -s = Linux
uname -v = #1 SMP Fri Feb 22 00:31:26 UTC 2013

/usr/bin/uname -p = unknown
/bin/uname -X     = unknown

/bin/arch              = x86_64
/usr/bin/arch -k       = unknown
/usr/convex/getsysinfo = unknown
/usr/bin/hostinfo      = unknown
/bin/machine           = unknown
/usr/bin/oslevel       = unknown
/bin/universe          = unknown

PATH: /usr/pa2010/linux/pc/bin
PATH: /usr/pa2010/linux/tools/bin
PATH: /usr/calibre/bin
PATH: /Si2_RAID-1/EDA/novas/laker_2014.06_linux/cur/bin
PATH: /usr/verdi/bin
PATH: /usr/verdi/nLint/bin
PATH: /usr/mmsim12/tools/bin
PATH: /usr/rc11/tools/bin
PATH: /usr/EDI10/tools/bin
PATH: /usr/ext10/tools/bin
PATH: /usr/hspice/hspice/bin
PATH: /usr/hspice/hspice/linux
PATH: /usr/sx/bin
PATH: /usr/synopsys/linux/syn/bin
PATH: /usr/pt/linux/syn/bin
PATH: /usr/pp/linux/syn/bin
PATH: /usr/tx/linux/syn/bin
PATH: /usr/icc/linux/syn/bin
PATH: /usr/ic51/tools/dfII/bin
PATH: /usr/ic51/tools/dracula/bin
PATH: /usr/ic51/tools/bin
PATH: /usr/INCISIV11/tools/bin
PATH: /usr/lib64/qt-3.3/bin
PATH: /usr/kerberos/sbin
PATH: /usr/kerberos/bin
PATH: /usr/local/bin
PATH: /bin
PATH: /usr/bin
PATH: /usr/vcs/bin
PATH: /usr/vcs/linux/bin
PATH: /usr/vcs/linux/util


## ----------- ##
## Core tests. ##
## ----------- ##

configure:1834: checking whether to enable debugging
configure:1852: result: no
configure:1859: checking for bison
configure:1875: found /usr/bin/bison
configure:1886: result: bison -y
configure:1946: checking for gcc
configure:1962: found /usr/bin/gcc
configure:1973: result: gcc
configure:2205: checking for C compiler version
configure:2213: gcc --version >&5
gcc (GCC) 4.4.7 20120313 (Red Hat 4.4.7-3)
Copyright (C) 2010 Free Software Foundation, Inc.
This is free software; see the source for copying conditions.  There is NO
warranty; not even for MERCHANTABILITY or FITNESS FOR A PARTICULAR PURPOSE.

configure:2217: $? = 0
configure:2224: gcc -v >&5
Using built-in specs.
Target: x86_64-redhat-linux
Configured with: ../configure --prefix=/usr --mandir=/usr/share/man --infodir=/usr/share/info --with-bugurl=http://bugzilla.redhat.com/bugzilla --enable-bootstrap --enable-shared --enable-threads=posix --enable-checking=release --with-system-zlib --enable-__cxa_atexit --disable-libunwind-exceptions --enable-gnu-unique-object --enable-languages=c,c++,objc,obj-c++,java,fortran,ada --enable-java-awt=gtk --disable-dssi --with-java-home=/usr/lib/jvm/java-1.5.0-gcj-1.5.0.0/jre --enable-libgcj-multifile --enable-java-maintainer-mode --with-ecj-jar=/usr/share/java/eclipse-ecj.jar --disable-libjava-multilib --with-ppl --with-cloog --with-tune=generic --with-arch_32=i686 --build=x86_64-redhat-linux
Thread model: posix
gcc version 4.4.7 20120313 (Red Hat 4.4.7-3) (GCC) 
configure:2228: $? = 0
configure:2235: gcc -V >&5
gcc: '-V' option must have argument
configure:2239: $? = 1
configure:2262: checking for C compiler default output file name
configure:2284: gcc -O3 -Wall  -O3 -Wall conftest.c  >&5
configure:2288: $? = 0
configure:2326: result: a.out
configure:2345: checking whether the C compiler works
configure:2355: ./a.out
configure:2359: $? = 0
configure:2378: result: yes
configure:2385: checking whether we are cross compiling
configure:2387: result: no
configure:2390: checking for suffix of executables
configure:2397: gcc -o conftest -O3 -Wall  -O3 -Wall conftest.c  >&5
configure:2401: $? = 0
configure:2427: result: 
configure:2433: checking for suffix of object files
configure:2459: gcc -c -O3 -Wall  conftest.c >&5
configure:2463: $? = 0
configure:2488: result: o
configure:2492: checking whether we are using the GNU C compiler
configure:2521: gcc -c -O3 -Wall  conftest.c >&5
configure:2528: $? = 0
configure:2545: result: yes
configure:2554: checking whether gcc accepts -g
configure:2584: gcc -c -g  conftest.c >&5
configure:2591: $? = 0
configure:2692: result: yes
configure:2709: checking for gcc option to accept ISO C89
configure:2783: gcc  -c -O3 -Wall  conftest.c >&5
configure:2790: $? = 0
configure:2813: result: none needed
configure:2838: checking for an ANSI C-conforming const
configure:2913: gcc -c -O3 -Wall  conftest.c >&5
conftest.c: In function 'main':
conftest.c:37: warning: 't' is used uninitialized in this function
conftest.c:53: warning: 'b' is used uninitialized in this function
conftest.c:16: warning: 'cs[0]' is used uninitialized in this function
configure:2920: $? = 0
configure:2935: result: yes
configure:2950: checking how to run the C preprocessor
configure:2990: gcc -E  conftest.c
configure:2997: $? = 0
configure:3028: gcc -E  conftest.c
conftest.c:8:28: error: ac_nonexistent.h: No such file or directory
configure:3035: $? = 1
configure: failed program was:
| /* confdefs.h.  */
| #define PACKAGE_NAME "cpabe"
| #define PACKAGE_TARNAME "cpabe"
| #define PACKAGE_VERSION "0.11"
| #define PACKAGE_STRING "cpabe 0.11"
| #define PACKAGE_BUGREPORT "bethenco@cs.berkeley.edu"
| /* end confdefs.h.  */
| #include <ac_nonexistent.h>
configure:3068: result: gcc -E
configure:3097: gcc -E  conftest.c
configure:3104: $? = 0
configure:3135: gcc -E  conftest.c
conftest.c:8:28: error: ac_nonexistent.h: No such file or directory
configure:3142: $? = 1
configure: failed program was:
| /* confdefs.h.  */
| #define PACKAGE_NAME "cpabe"
| #define PACKAGE_TARNAME "cpabe"
| #define PACKAGE_VERSION "0.11"
| #define PACKAGE_STRING "cpabe 0.11"
| #define PACKAGE_BUGREPORT "bethenco@cs.berkeley.edu"
| /* end confdefs.h.  */
| #include <ac_nonexistent.h>
configure:3182: checking for grep that handles long lines and -e
configure:3242: result: /bin/grep
configure:3247: checking for egrep
configure:3311: result: /bin/grep -E
configure:3316: checking for ANSI C header files
configure:3346: gcc -c -O3 -Wall  conftest.c >&5
configure:3353: $? = 0
configure:3452: gcc -o conftest -O3 -Wall  -O3 -Wall conftest.c  >&5
configure:3456: $? = 0
configure:3462: ./conftest
configure:3466: $? = 0
configure:3484: result: yes
configure:3508: checking for sys/types.h
configure:3529: gcc -c -O3 -Wall  conftest.c >&5
configure:3536: $? = 0
configure:3553: result: yes
configure:3508: checking for sys/stat.h
configure:3529: gcc -c -O3 -Wall  conftest.c >&5
configure:3536: $? = 0
configure:3553: result: yes
configure:3508: checking for stdlib.h
configure:3529: gcc -c -O3 -Wall  conftest.c >&5
configure:3536: $? = 0
configure:3553: result: yes
configure:3508: checking for string.h
configure:3529: gcc -c -O3 -Wall  conftest.c >&5
configure:3536: $? = 0
configure:3553: result: yes
configure:3508: checking for memory.h
configure:3529: gcc -c -O3 -Wall  conftest.c >&5
configure:3536: $? = 0
configure:3553: result: yes
configure:3508: checking for strings.h
configure:3529: gcc -c -O3 -Wall  conftest.c >&5
configure:3536: $? = 0
configure:3553: result: yes
configure:3508: checking for inttypes.h
configure:3529: gcc -c -O3 -Wall  conftest.c >&5
configure:3536: $? = 0
configure:3553: result: yes
configure:3508: checking for stdint.h
configure:3529: gcc -c -O3 -Wall  conftest.c >&5
configure:3536: $? = 0
configure:3553: result: yes
configure:3508: checking for unistd.h
configure:3529: gcc -c -O3 -Wall  conftest.c >&5
configure:3536: $? = 0
configure:3553: result: yes
configure:3567: checking for size_t
configure:3595: gcc -c -O3 -Wall  conftest.c >&5
configure:3602: $? = 0
configure:3629: gcc -c -O3 -Wall  conftest.c >&5
conftest.c: In function 'main':
conftest.c:54: error: expected expression before ')' token
configure:3636: $? = 1
configure: failed program was:
| /* confdefs.h.  */
| #define PACKAGE_NAME "cpabe"
| #define PACKAGE_TARNAME "cpabe"
| #define PACKAGE_VERSION "0.11"
| #define PACKAGE_STRING "cpabe 0.11"
| #define PACKAGE_BUGREPORT "bethenco@cs.berkeley.edu"
| #define STDC_HEADERS 1
| #define HAVE_SYS_TYPES_H 1
| #define HAVE_SYS_STAT_H 1
| #define HAVE_STDLIB_H 1
| #define HAVE_STRING_H 1
| #define HAVE_MEMORY_H 1
| #define HAVE_STRINGS_H 1
| #define HAVE_INTTYPES_H 1
| #define HAVE_STDINT_H 1
| #define HAVE_UNISTD_H 1
| /* end confdefs.h.  */
| #include <stdio.h>
| #ifdef HAVE_SYS_TYPES_H
| # include <sys/types.h>
| #endif
| #ifdef HAVE_SYS_STAT_H
| # include <sys/stat.h>
| #endif
| #ifdef STDC_HEADERS
| # include <stdlib.h>
| # include <stddef.h>
| #else
| # ifdef HAVE_STDLIB_H
| #  include <stdlib.h>
| # endif
| #endif
| #ifdef HAVE_STRING_H
| # if !defined STDC_HEADERS && defined HAVE_MEMORY_H
| #  include <memory.h>
| # endif
| # include <string.h>
| #endif
| #ifdef HAVE_STRINGS_H
| # include <strings.h>
| #endif
| #ifdef HAVE_INTTYPES_H
| # include <inttypes.h>
| #endif
| #ifdef HAVE_STDINT_H
| # include <stdint.h>
| #endif
| #ifdef HAVE_UNISTD_H
| # include <unistd.h>
| #endif
| int
| main ()
| {
| if (sizeof ((size_t)))
| 	  return 0;
|   ;
|   return 0;
| }
configure:3659: result: yes
configure:3672: checking for uint32_t
configure:3703: gcc -c -O3 -Wall  conftest.c >&5
configure:3710: $? = 0
configure:3731: result: yes
configure:3749: checking for uint64_t
configure:3780: gcc -c -O3 -Wall  conftest.c >&5
configure:3787: $? = 0
configure:3808: result: yes
configure:3826: checking for ANSI C header files
configure:3994: result: yes
configure:4022: checking fcntl.h usability
configure:4039: gcc -c -O3 -Wall  conftest.c >&5
configure:4046: $? = 0
configure:4060: result: yes
configure:4064: checking fcntl.h presence
configure:4079: gcc -E  conftest.c
configure:4086: $? = 0
configure:4100: result: yes
configure:4133: checking for fcntl.h
configure:4142: result: yes
configure:4022: checking stddef.h usability
configure:4039: gcc -c -O3 -Wall  conftest.c >&5
configure:4046: $? = 0
configure:4060: result: yes
configure:4064: checking stddef.h presence
configure:4079: gcc -E  conftest.c
configure:4086: $? = 0
configure:4100: result: yes
configure:4133: checking for stddef.h
configure:4142: result: yes
configure:4011: checking for string.h
configure:4018: result: yes
configure:4167: checking for stdlib.h
configure:4174: result: yes
configure:4313: checking for GNU libc compatible malloc
configure:4347: gcc -o conftest -O3 -Wall  -O3 -Wall conftest.c  >&5
configure:4351: $? = 0
configure:4357: ./conftest
configure:4361: $? = 0
configure:4378: result: yes
configure:4406: checking whether lstat dereferences a symlink specified with a trailing slash
configure:4442: gcc -o conftest -O3 -Wall  -O3 -Wall conftest.c  >&5
configure:4446: $? = 0
configure:4452: ./conftest
configure:4456: $? = 0
configure:4480: result: yes
configure:4499: checking whether stat accepts an empty string
configure:4529: gcc -o conftest -O3 -Wall  -O3 -Wall conftest.c  >&5
configure:4533: $? = 0
configure:4539: ./conftest
configure:4543: $? = 0
configure:4560: result: no
configure:4580: checking for vprintf
configure:4636: gcc -o conftest -O3 -Wall  -O3 -Wall conftest.c  >&5
conftest.c:48: warning: conflicting types for built-in function 'vprintf'
configure:4643: $? = 0
configure:4665: result: yes
configure:4674: checking for _doprnt
configure:4730: gcc -o conftest -O3 -Wall  -O3 -Wall conftest.c  >&5
/tmp/ccJ0yEzs.o: In function `main':
conftest.c:(.text+0x7): undefined reference to `_doprnt'
collect2: ld returned 1 exit status
configure:4737: $? = 1
configure: failed program was:
| /* confdefs.h.  */
| #define PACKAGE_NAME "cpabe"
| #define PACKAGE_TARNAME "cpabe"
| #define PACKAGE_VERSION "0.11"
| #define PACKAGE_STRING "cpabe 0.11"
| #define PACKAGE_BUGREPORT "bethenco@cs.berkeley.edu"
| #define STDC_HEADERS 1
| #define HAVE_SYS_TYPES_H 1
| #define HAVE_SYS_STAT_H 1
| #define HAVE_STDLIB_H 1
| #define HAVE_STRING_H 1
| #define HAVE_MEMORY_H 1
| #define HAVE_STRINGS_H 1
| #define HAVE_INTTYPES_H 1
| #define HAVE_STDINT_H 1
| #define HAVE_UNISTD_H 1
| #define STDC_HEADERS 1
| #define HAVE_FCNTL_H 1
| #define HAVE_STDDEF_H 1
| #define HAVE_STRING_H 1
| #define HAVE_STDLIB_H 1
| #define HAVE_MALLOC 1
| #define LSTAT_FOLLOWS_SLASHED_SYMLINK 1
| #define HAVE_VPRINTF 1
| /* end confdefs.h.  */
| /* Define _doprnt to an innocuous variant, in case <limits.h> declares _doprnt.
|    For example, HP-UX 11i <limits.h> declares gettimeofday.  */
| #define _doprnt innocuous__doprnt
| 
| /* System header to define __stub macros and hopefully few prototypes,
|     which can conflict with char _doprnt (); below.
|     Prefer <limits.h> to <assert.h> if __STDC__ is defined, since
|     <limits.h> exists even on freestanding compilers.  */
| 
| #ifdef __STDC__
| # include <limits.h>
| #else
| # include <assert.h>
| #endif
| 
| #undef _doprnt
| 
| /* Override any GCC internal prototype to avoid an error.
|    Use char because int might match the return type of a GCC
|    builtin and then its argument prototype would still apply.  */
| #ifdef __cplusplus
| extern "C"
| #endif
| char _doprnt ();
| /* The GNU C library defines this for functions which it implements
|     to always fail with ENOSYS.  Some functions are actually named
|     something starting with __ and the normal name is an alias.  */
| #if defined __stub__doprnt || defined __stub____doprnt
| choke me
| #endif
| 
| int
| main ()
| {
| return _doprnt ();
|   ;
|   return 0;
| }
configure:4757: result: no
configure:4772: checking for SHA1 in -lcrypto
configure:4807: gcc -o conftest -O3 -Wall  -O3 -Wall conftest.c -lcrypto   >&5
configure:4814: $? = 0
configure:4835: result: yes
configure:4851: checking for EVP_aes_128_cbc in -lcrypto
configure:4886: gcc -o conftest -O3 -Wall  -O3 -Wall conftest.c -lcrypto  -lcrypto  >&5
configure:4893: $? = 0
configure:4914: result: yes
configure:4935: checking for strchr
configure:4991: gcc -o conftest -O3 -Wall  -O3 -Wall conftest.c -lcrypto -lcrypto  >&5
conftest.c:51: warning: conflicting types for built-in function 'strchr'
configure:4998: $? = 0
configure:5020: result: yes
configure:4935: checking for strdup
configure:4991: gcc -o conftest -O3 -Wall  -O3 -Wall conftest.c -lcrypto -lcrypto  >&5
conftest.c:52: warning: conflicting types for built-in function 'strdup'
configure:4998: $? = 0
configure:5020: result: yes
configure:4935: checking for memset
configure:4991: gcc -o conftest -O3 -Wall  -O3 -Wall conftest.c -lcrypto -lcrypto  >&5
conftest.c:53: warning: conflicting types for built-in function 'memset'
configure:4998: $? = 0
configure:5020: result: yes
configure:5066: checking for pkg-config
configure:5084: found /usr/bin/pkg-config
configure:5097: result: /usr/bin/pkg-config
configure:5121: checking for GLIB - version >= 2.0.0
configure:5245: gcc -o conftest -O3 -Wall -I/usr/include/glib-2.0 -I/usr/lib64/glib-2.0/include    -O3 -Wall conftest.c -lglib-2.0   -lcrypto -lcrypto  >&5
configure:5249: $? = 0
configure:5255: ./conftest
configure:5259: $? = 0
configure:5280: result: yes (version 2.22.5)
configure:5377: checking for GMP version >= 4.0.0 or later
configure:5439: gcc -o conftest -O3 -Wall -I/Si2_RAID-1/si2/100/phonchi/.local/include  -O3 -Wall conftest.c -lcrypto -lcrypto  -L/Si2_RAID-1/si2/100/phonchi/.local/lib -Wl,-rpath /Si2_RAID-1/si2/100/phonchi/.local/lib -Wl,-rpath /usr/local/lib -lgmp >&5
configure:5446: $? = 0
configure:5481: gcc -o conftest -O3 -Wall -I/Si2_RAID-1/si2/100/phonchi/.local/include  -O3 -Wall conftest.c -lcrypto -lcrypto  -L/Si2_RAID-1/si2/100/phonchi/.local/lib -Wl,-rpath /Si2_RAID-1/si2/100/phonchi/.local/lib -Wl,-rpath /usr/local/lib -lgmp >&5
configure:5485: $? = 0
configure:5491: ./conftest
configure:5495: $? = 0
configure:5498: result: found
configure:5597: checking for the PBC library
configure:5659: gcc -o conftest -O3 -Wall -I/Si2_RAID-1/si2/100/phonchi/.local/include/pbc -I/Si2_RAID-1/si2/100/phonchi/.local/include  -O3 -Wall conftest.c -lcrypto -lcrypto  -L/Si2_RAID-1/si2/100/phonchi/.local/lib -Wl,-rpath /Si2_RAID-1/si2/100/phonchi/.local/lib -Wl,-rpath /usr/local/lib -lpbc -L/Si2_RAID-1/si2/100/phonchi/.local/lib -Wl,-rpath /Si2_RAID-1/si2/100/phonchi/.local/lib -Wl,-rpath /usr/local/lib -lgmp >&5
configure:5666: $? = 0
configure:5675: result: found
configure:5738: checking for libbswabe
configure:5803: gcc -o conftest -O3 -Wall -I/Si2_RAID-1/si2/100/phonchi/.local/include -I/Si2_RAID-1/si2/100/phonchi/.local/include/pbc -I/Si2_RAID-1/si2/100/phonchi/.local/include -I/usr/include/glib-2.0 -I/usr/lib64/glib-2.0/include    -O3 -Wall conftest.c -lcrypto -lcrypto  -L/Si2_RAID-1/si2/100/phonchi/.local/lib -lbswabe -L/Si2_RAID-1/si2/100/phonchi/.local/lib -Wl,-rpath /Si2_RAID-1/si2/100/phonchi/.local/lib -Wl,-rpath /usr/local/lib -lpbc -L/Si2_RAID-1/si2/100/phonchi/.local/lib -Wl,-rpath /Si2_RAID-1/si2/100/phonchi/.local/lib -Wl,-rpath /usr/local/lib -lgmp -lglib-2.0   >&5
conftest.c: In function 'main':
conftest.c:40: warning: 'p' is used uninitialized in this function
configure:5810: $? = 0
configure:5819: result: found
configure:6025: creating ./config.status

## ---------------- ##
## Cache variables. ##
## ---------------- ##

ac_cv_c_compiler_gnu=yes
ac_cv_c_const=yes
ac_cv_c_uint32_t=yes
ac_cv_c_uint64_t=yes
ac_cv_env_CC_set=
ac_cv_env_CC_value=
ac_cv_env_CFLAGS_set=
ac_cv_env_CFLAGS_value=
ac_cv_env_CPPFLAGS_set=
ac_cv_env_CPPFLAGS_value=
ac_cv_env_CPP_set=
ac_cv_env_CPP_value=
ac_cv_env_LDFLAGS_set=
ac_cv_env_LDFLAGS_value=
ac_cv_env_LIBS_set=
ac_cv_env_LIBS_value=
ac_cv_env_YACC_set=
ac_cv_env_YACC_value=
ac_cv_env_YFLAGS_set=
ac_cv_env_YFLAGS_value=
ac_cv_env_build_alias_set=
ac_cv_env_build_alias_value=
ac_cv_env_host_alias_set=
ac_cv_env_host_alias_value=
ac_cv_env_target_alias_set=
ac_cv_env_target_alias_value=
ac_cv_func__doprnt=no
ac_cv_func_lstat_dereferences_slashed_symlink=yes
ac_cv_func_malloc_0_nonnull=yes
ac_cv_func_memset=yes
ac_cv_func_stat_empty_string_bug=no
ac_cv_func_strchr=yes
ac_cv_func_strdup=yes
ac_cv_func_vprintf=yes
ac_cv_header_fcntl_h=yes
ac_cv_header_inttypes_h=yes
ac_cv_header_memory_h=yes
ac_cv_header_stdc=yes
ac_cv_header_stddef_h=yes
ac_cv_header_stdint_h=yes
ac_cv_header_stdlib_h=yes
ac_cv_header_string_h=yes
ac_cv_header_strings_h=yes
ac_cv_header_sys_stat_h=yes
ac_cv_header_sys_types_h=yes
ac_cv_header_unistd_h=yes
ac_cv_lib_crypto_EVP_aes_128_cbc=yes
ac_cv_lib_crypto_SHA1=yes
ac_cv_objext=o
ac_cv_path_EGREP='/bin/grep -E'
ac_cv_path_GREP=/bin/grep
ac_cv_path_PKG_CONFIG=/usr/bin/pkg-config
ac_cv_prog_CPP='gcc -E'
ac_cv_prog_YACC='bison -y'
ac_cv_prog_ac_ct_CC=gcc
ac_cv_prog_cc_c89=
ac_cv_prog_cc_g=yes
ac_cv_type_size_t=yes

## ----------------- ##
## Output variables. ##
## ----------------- ##

BSWABE_CFLAGS='-I/Si2_RAID-1/si2/100/phonchi/.local/include'
BSWABE_LIBS='-L/Si2_RAID-1/si2/100/phonchi/.local/lib -lbswabe'
CC='gcc'
CFLAGS='-O3 -Wall'
CPP='gcc -E'
CPPFLAGS=''
DEFS='-DPACKAGE_NAME=\"cpabe\" -DPACKAGE_TARNAME=\"cpabe\" -DPACKAGE_VERSION=\"0.11\" -DPACKAGE_STRING=\"cpabe\ 0.11\" -DPACKAGE_BUGREPORT=\"bethenco@cs.berkeley.edu\" -DSTDC_HEADERS=1 -DHAVE_SYS_TYPES_H=1 -DHAVE_SYS_STAT_H=1 -DHAVE_STDLIB_H=1 -DHAVE_STRING_H=1 -DHAVE_MEMORY_H=1 -DHAVE_STRINGS_H=1 -DHAVE_INTTYPES_H=1 -DHAVE_STDINT_H=1 -DHAVE_UNISTD_H=1 -DSTDC_HEADERS=1 -DHAVE_FCNTL_H=1 -DHAVE_STDDEF_H=1 -DHAVE_STRING_H=1 -DHAVE_STDLIB_H=1 -DHAVE_MALLOC=1 -DLSTAT_FOLLOWS_SLASHED_SYMLINK=1 -DHAVE_VPRINTF=1 -DHAVE_LIBCRYPTO=1 -DHAVE_LIBCRYPTO=1 -DHAVE_STRCHR=1 -DHAVE_STRDUP=1 -DHAVE_MEMSET=1 -DHAVE_GMP=1 -DHAVE_PBC=1 -DHAVE_BSWABE=1'
ECHO_C=''
ECHO_N='-n'
ECHO_T=''
EGREP='/bin/grep -E'
EXEEXT=''
GLIB_CFLAGS='-I/usr/include/glib-2.0 -I/usr/lib64/glib-2.0/include  '
GLIB_GENMARSHAL='glib-genmarshal'
GLIB_LIBS='-lglib-2.0  '
GLIB_MKENUMS='glib-mkenums'
GMP_CFLAGS='-I/Si2_RAID-1/si2/100/phonchi/.local/include'
GMP_LIBS='-L/Si2_RAID-1/si2/100/phonchi/.local/lib -Wl,-rpath /Si2_RAID-1/si2/100/phonchi/.local/lib -Wl,-rpath /usr/local/lib -lgmp'
GOBJECT_QUERY='gobject-query'
GREP='/bin/grep'
LDFLAGS='-O3 -Wall'
LIBOBJS=''
LIBS='-lcrypto -lcrypto '
LTLIBOBJS=''
OBJEXT='o'
PACKAGE_BUGREPORT='bethenco@cs.berkeley.edu'
PACKAGE_NAME='cpabe'
PACKAGE_STRING='cpabe 0.11'
PACKAGE_TARNAME='cpabe'
PACKAGE_VERSION='0.11'
PATH_SEPARATOR=':'
PBC_CFLAGS='-I/Si2_RAID-1/si2/100/phonchi/.local/include/pbc'
PBC_LIBS='-L/Si2_RAID-1/si2/100/phonchi/.local/lib -Wl,-rpath /Si2_RAID-1/si2/100/phonchi/.local/lib -Wl,-rpath /usr/local/lib -lpbc'
PKG_CONFIG='/usr/bin/pkg-config'
SHELL='/bin/sh'
YACC='bison -y'
YFLAGS=''
ac_ct_CC='gcc'
bindir='${exec_prefix}/bin'
build_alias=''
datadir='${datarootdir}'
datarootdir='${prefix}/share'
docdir='${datarootdir}/doc/${PACKAGE_TARNAME}'
dvidir='${docdir}'
exec_prefix='${prefix}'
host_alias=''
htmldir='${docdir}'
includedir='${prefix}/include'
infodir='${datarootdir}/info'
libdir='${exec_prefix}/lib'
libexecdir='${exec_prefix}/libexec'
localedir='${datarootdir}/locale'
localstatedir='${prefix}/var'
mandir='${datarootdir}/man'
oldincludedir='/usr/include'
pdfdir='${docdir}'
prefix='/Si2_RAID-1/si2/100/phonchi/.local'
program_transform_name='s,x,x,'
psdir='${docdir}'
sbindir='${exec_prefix}/sbin'
sharedstatedir='${prefix}/com'
sysconfdir='${prefix}/etc'
target_alias=''

## ----------- ##
## confdefs.h. ##
## ----------- ##

#define PACKAGE_NAME "cpabe"
#define PACKAGE_TARNAME "cpabe"
#define PACKAGE_VERSION "0.11"
#define PACKAGE_STRING "cpabe 0.11"
#define PACKAGE_BUGREPORT "bethenco@cs.berkeley.edu"
#define STDC_HEADERS 1
#define HAVE_SYS_TYPES_H 1
#define HAVE_SYS_STAT_H 1
#define HAVE_STDLIB_H 1
#define HAVE_STRING_H 1
#define HAVE_MEMORY_H 1
#define HAVE_STRINGS_H 1
#define HAVE_INTTYPES_H 1
#define HAVE_STDINT_H 1
#define HAVE_UNISTD_H 1
#define STDC_HEADERS 1
#define HAVE_FCNTL_H 1
#define HAVE_STDDEF_H 1
#define HAVE_STRING_H 1
#define HAVE_STDLIB_H 1
#define HAVE_MALLOC 1
#define LSTAT_FOLLOWS_SLASHED_SYMLINK 1
#define HAVE_VPRINTF 1
#define HAVE_LIBCRYPTO 1
#define HAVE_LIBCRYPTO 1
#define HAVE_STRCHR 1
#define HAVE_STRDUP 1
#define HAVE_MEMSET 1
#define HAVE_GMP 1
#define HAVE_PBC 1
#define HAVE_BSWABE 1

configure: exit 0

## ---------------------- ##
## Running config.status. ##
## ---------------------- ##

This file was extended by cpabe config.status 0.11, which was
generated by GNU Autoconf 2.63.  Invocation command line was

  CONFIG_FILES    = 
  CONFIG_HEADERS  = 
  CONFIG_LINKS    = 
  CONFIG_COMMANDS = 
  $ ./config.status 

on cad14

config.status:661: creating Makefile
config.status:804: WARNING:  'Makefile.in' seems to ignore the --datarootdir setting
